::1 - - [01/Feb/2026:01:25:17 +0000] "POST /api/v1/auth/login HTTP/1.1" 200 750 "-" "PostmanRuntime/7.51.1"
::1 - - [01/Feb/2026:01:26:00 +0000] "POST /api/v1/auth/login HTTP/1.1" 200 750 "-" "PostmanRuntime/7.51.1"
::1 - - [01/Feb/2026:14:01:12 +0000] "POST /api/v1/auth/login HTTP/1.1" 400 1078 "-" "PostmanRuntime/7.51.1"
::1 - - [01/Feb/2026:14:01:13 +0000] "POST /api/v1/auth/login HTTP/1.1" 400 1078 "-" "PostmanRuntime/7.51.1"
::1 - - [01/Feb/2026:14:01:15 +0000] "POST /api/v1/auth/login HTTP/1.1" 400 1078 "-" "PostmanRuntime/7.51.1"
::1 - - [01/Feb/2026:14:01:16 +0000] "POST /api/v1/auth/login HTTP/1.1" 400 1078 "-" "PostmanRuntime/7.51.1"
::1 - - [01/Feb/2026:14:02:48 +0000] "POST /api/v1/auth/login HTTP/1.1" 200 750 "-" "PostmanRuntime/7.51.1"
::1 - - [01/Feb/2026:15:04:28 +0000] "POST /api/v1/auth/login HTTP/1.1" 200 750 "-" "PostmanRuntime/7.51.1"
::1 - - [01/Feb/2026:15:05:21 +0000] "DELETE /api/v1/auth/freezed-account HTTP/1.1" 404 28 "-" "PostmanRuntime/7.51.1"
::1 - - [01/Feb/2026:15:05:23 +0000] "DELETE /api/v1/auth/freezed-account HTTP/1.1" 404 28 "-" "PostmanRuntime/7.51.1"
::1 - - [01/Feb/2026:15:05:46 +0000] "DELETE /api/v1/auth/freezed-account HTTP/1.1" 404 28 "-" "PostmanRuntime/7.51.1"
::1 - - [01/Feb/2026:15:05:47 +0000] "DELETE /api/v1/auth/freezed-account HTTP/1.1" 404 28 "-" "PostmanRuntime/7.51.1"
::1 - - [01/Feb/2026:15:12:05 +0000] "POST /api/v1/auth/login HTTP/1.1" 404 32 "-" "PostmanRuntime/7.51.1"
::1 - - [01/Feb/2026:15:12:07 +0000] "POST /api/v1/auth/login HTTP/1.1" 404 32 "-" "PostmanRuntime/7.51.1"
::1 - - [01/Feb/2026:15:12:14 +0000] "POST /api/v1/auth/login HTTP/1.1" 404 32 "-" "PostmanRuntime/7.51.1"
::1 - - [01/Feb/2026:15:12:15 +0000] "POST /api/v1/auth/login HTTP/1.1" 404 32 "-" "PostmanRuntime/7.51.1"
::1 - - [01/Feb/2026:15:12:17 +0000] "POST /api/v1/auth/login HTTP/1.1" 404 32 "-" "PostmanRuntime/7.51.1"
::1 - - [01/Feb/2026:15:13:05 +0000] "POST /api/v1/auth/login HTTP/1.1" 200 742 "-" "PostmanRuntime/7.51.1"
::1 - - [01/Feb/2026:15:18:56 +0000] "POST /api/v1/auth/login HTTP/1.1" 200 742 "-" "PostmanRuntime/7.51.1"
::1 - - [01/Feb/2026:17:56:16 +0000] "POST /api/v1/auth/login HTTP/1.1" 200 750 "-" "PostmanRuntime/7.51.1"
::1 - - [01/Feb/2026:21:14:04 +0000] "POST /api/v1/auth/login HTTP/1.1" 200 750 "-" "PostmanRuntime/7.51.1"
::1 - - [01/Feb/2026:21:14:11 +0000] "POST /api/v1/auth/login HTTP/1.1" 200 750 "-" "PostmanRuntime/7.51.1"
::1 - - [01/Feb/2026:21:14:12 +0000] "POST /api/v1/auth/login HTTP/1.1" 200 750 "-" "PostmanRuntime/7.51.1"
::1 - - [01/Feb/2026:21:14:14 +0000] "POST /api/v1/auth/login HTTP/1.1" 200 750 "-" "PostmanRuntime/7.51.1"
::1 - - [01/Feb/2026:21:14:16 +0000] "POST /api/v1/auth/login HTTP/1.1" 200 750 "-" "PostmanRuntime/7.51.1"
::1 - - [01/Feb/2026:21:16:21 +0000] "POST /api/v1/auth/login HTTP/1.1" 200 750 "-" "PostmanRuntime/7.51.1"
::1 - - [01/Feb/2026:21:16:23 +0000] "POST /api/v1/auth/login HTTP/1.1" 200 750 "-" "PostmanRuntime/7.51.1"
::1 - - [01/Feb/2026:21:16:24 +0000] "POST /api/v1/auth/login HTTP/1.1" 200 750 "-" "PostmanRuntime/7.51.1"
::1 - - [01/Feb/2026:21:16:25 +0000] "POST /api/v1/auth/login HTTP/1.1" 200 750 "-" "PostmanRuntime/7.51.1"
::1 - - [01/Feb/2026:21:16:26 +0000] "POST /api/v1/auth/login HTTP/1.1" 200 750 "-" "PostmanRuntime/7.51.1"
::1 - - [02/Feb/2026:22:04:13 +0000] "POST /api/v1/auth/signup HTTP/1.1" 201 616 "-" "PostmanRuntime/7.51.1"
::1 - - [02/Feb/2026:22:04:28 +0000] "POST /api/v1/auth/login HTTP/1.1" 404 51 "-" "PostmanRuntime/7.51.1"
::1 - - [02/Feb/2026:22:05:04 +0000] "PATCH /api/v1/auth/confirm-email HTTP/1.1" 200 52 "-" "PostmanRuntime/7.51.1"
::1 - - [02/Feb/2026:22:05:12 +0000] "POST /api/v1/auth/login HTTP/1.1" 200 742 "-" "PostmanRuntime/7.51.1"
::1 - - [02/Feb/2026:22:05:48 +0000] "POST /api/v1/auth/refreash-token HTTP/1.1" 500 743 "-" "PostmanRuntime/7.51.1"
::1 - - [02/Feb/2026:22:09:09 +0000] "POST /api/v1/auth/refreash-token HTTP/1.1" 200 765 "-" "PostmanRuntime/7.51.1"
::1 - - [02/Feb/2026:22:10:00 +0000] "POST /api/v1/auth/revoke-token HTTP/1.1" 200 60 "-" "PostmanRuntime/7.51.1"
::1 - - [02/Feb/2026:22:10:23 +0000] "PATCH /api/v1/auth/update-password HTTP/1.1" 401 390 "-" "PostmanRuntime/7.51.1"
::1 - - [02/Feb/2026:22:10:24 +0000] "PATCH /api/v1/auth/update-password HTTP/1.1" 401 390 "-" "PostmanRuntime/7.51.1"
::1 - - [02/Feb/2026:22:10:29 +0000] "POST /api/v1/auth/login HTTP/1.1" 200 742 "-" "PostmanRuntime/7.51.1"
::1 - - [02/Feb/2026:22:11:10 +0000] "PATCH /api/v1/auth/update-password HTTP/1.1" 400 208 "-" "PostmanRuntime/7.51.1"
::1 - - [02/Feb/2026:22:11:23 +0000] "PATCH /api/v1/auth/update-password HTTP/1.1" 400 208 "-" "PostmanRuntime/7.51.1"
::1 - - [02/Feb/2026:22:11:38 +0000] "PATCH /api/v1/auth/update-password HTTP/1.1" 200 65 "-" "PostmanRuntime/7.51.1"
::1 - - [02/Feb/2026:22:12:06 +0000] "PATCH /api/v1/auth/forget-password HTTP/1.1" 200 50 "-" "PostmanRuntime/7.51.1"
::1 - - [02/Feb/2026:22:12:48 +0000] "PATCH /api/v1/auth/reset-password HTTP/1.1" 200 65 "-" "PostmanRuntime/7.51.1"
