::1 - - [01/Feb/2026:15:06:32 +0000] "DELETE /api/v1/user/freezed-account HTTP/1.1" 404 28 "-" "PostmanRuntime/7.51.1"
::1 - - [01/Feb/2026:15:06:33 +0000] "DELETE /api/v1/user/freezed-account HTTP/1.1" 404 28 "-" "PostmanRuntime/7.51.1"
::1 - - [01/Feb/2026:15:06:34 +0000] "DELETE /api/v1/user/freezed-account HTTP/1.1" 404 28 "-" "PostmanRuntime/7.51.1"
::1 - - [01/Feb/2026:15:06:34 +0000] "DELETE /api/v1/user/freezed-account HTTP/1.1" 404 28 "-" "PostmanRuntime/7.51.1"
::1 - - [01/Feb/2026:15:06:49 +0000] "DELETE /api/v1/user/freezed-account HTTP/1.1" 500 935 "-" "PostmanRuntime/7.51.1"
::1 - - [01/Feb/2026:15:07:04 +0000] "DELETE /api/v1/user/freezed-account HTTP/1.1" 500 935 "-" "PostmanRuntime/7.51.1"
::1 - - [01/Feb/2026:15:07:56 +0000] "DELETE /api/v1/user/freezed-account HTTP/1.1" 201 858 "-" "PostmanRuntime/7.51.1"
::1 - - [01/Feb/2026:15:10:09 +0000] "DELETE /api/v1/user/?userId=69750e1feb0adb61e51dc153/freezed-account HTTP/1.1" 404 28 "-" "PostmanRuntime/7.51.1"
::1 - - [01/Feb/2026:15:10:10 +0000] "DELETE /api/v1/user/?userId=69750e1feb0adb61e51dc153/freezed-account HTTP/1.1" 404 28 "-" "PostmanRuntime/7.51.1"
::1 - - [01/Feb/2026:15:13:50 +0000] "DELETE /api/v1/user/?userId=69750e1feb0adb61e51dc153/freezed-account HTTP/1.1" 404 28 "-" "PostmanRuntime/7.51.1"
::1 - - [01/Feb/2026:15:13:51 +0000] "DELETE /api/v1/user/?userId=69750e1feb0adb61e51dc153/freezed-account HTTP/1.1" 404 28 "-" "PostmanRuntime/7.51.1"
::1 - - [01/Feb/2026:15:13:56 +0000] "DELETE /api/v1/user?userId=69750e1feb0adb61e51dc153/freezed-account HTTP/1.1" 404 28 "-" "PostmanRuntime/7.51.1"
::1 - - [01/Feb/2026:15:13:57 +0000] "DELETE /api/v1/user?userId=69750e1feb0adb61e51dc153/freezed-account HTTP/1.1" 404 28 "-" "PostmanRuntime/7.51.1"
::1 - - [01/Feb/2026:15:15:00 +0000] "DELETE /api/v1/user/69750e1feb0adb61e51dc153/freezed-account HTTP/1.1" 404 28 "-" "PostmanRuntime/7.51.1"
::1 - - [01/Feb/2026:15:15:01 +0000] "DELETE /api/v1/user/69750e1feb0adb61e51dc153/freezed-account HTTP/1.1" 404 28 "-" "PostmanRuntime/7.51.1"
::1 - - [01/Feb/2026:15:15:25 +0000] "DELETE /api/v1/user/69750e1feb0adb61e51dc153/freezed-account HTTP/1.1" 400 1182 "-" "PostmanRuntime/7.51.1"
::1 - - [01/Feb/2026:15:15:27 +0000] "DELETE /api/v1/user/69750e1feb0adb61e51dc153/freezed-account HTTP/1.1" 400 1182 "-" "PostmanRuntime/7.51.1"
::1 - - [01/Feb/2026:15:15:28 +0000] "DELETE /api/v1/user/69750e1feb0adb61e51dc153/freezed-account HTTP/1.1" 400 1182 "-" "PostmanRuntime/7.51.1"
::1 - - [01/Feb/2026:15:17:48 +0000] "DELETE /api/v1/user/697d2608573d2b67af08f1b7/freezed-account HTTP/1.1" 400 1182 "-" "PostmanRuntime/7.51.1"
::1 - - [01/Feb/2026:15:17:49 +0000] "DELETE /api/v1/user/697d2608573d2b67af08f1b7/freezed-account HTTP/1.1" 400 1182 "-" "PostmanRuntime/7.51.1"
::1 - - [01/Feb/2026:15:17:50 +0000] "DELETE /api/v1/user/697d2608573d2b67af08f1b7/freezed-account HTTP/1.1" 400 1182 "-" "PostmanRuntime/7.51.1"
::1 - - [01/Feb/2026:15:19:20 +0000] "DELETE /api/v1/user/697d2608573d2b67af08f1b7/freezed-account HTTP/1.1" 400 1182 "-" "PostmanRuntime/7.51.1"
::1 - - [01/Feb/2026:15:19:21 +0000] "DELETE /api/v1/user/697d2608573d2b67af08f1b7/freezed-account HTTP/1.1" 400 1182 "-" "PostmanRuntime/7.51.1"
::1 - - [01/Feb/2026:15:19:22 +0000] "DELETE /api/v1/user/697d2608573d2b67af08f1b7/freezed-account HTTP/1.1" 400 1182 "-" "PostmanRuntime/7.51.1"
::1 - - [01/Feb/2026:15:19:23 +0000] "DELETE /api/v1/user/697d2608573d2b67af08f1b7/freezed-account HTTP/1.1" 400 1182 "-" "PostmanRuntime/7.51.1"
::1 - - [01/Feb/2026:15:19:24 +0000] "DELETE /api/v1/user/697d2608573d2b67af08f1b7/freezed-account HTTP/1.1" 400 1182 "-" "PostmanRuntime/7.51.1"
::1 - - [01/Feb/2026:15:22:48 +0000] "DELETE /api/v1/user/697d2608573d2b67af08f1b7/freezed-account HTTP/1.1" 201 858 "-" "PostmanRuntime/7.51.1"
::1 - - [01/Feb/2026:17:55:18 +0000] "PATCH /api/v1/user/697d2608573d2b67af08f1b7/freezed-account HTTP/1.1" 500 1170 "-" "PostmanRuntime/7.51.1"
::1 - - [01/Feb/2026:17:55:20 +0000] "PATCH /api/v1/user/697d2608573d2b67af08f1b7/freezed-account HTTP/1.1" 500 1170 "-" "PostmanRuntime/7.51.1"
::1 - - [01/Feb/2026:17:56:27 +0000] "PATCH /api/v1/user/697d2608573d2b67af08f1b7/freezed-account HTTP/1.1" 201 861 "-" "PostmanRuntime/7.51.1"
::1 - - [01/Feb/2026:23:41:46 +0000] "POST /api/v1/user/login/check-account HTTP/1.1" 404 28 "-" "PostmanRuntime/7.51.1"
::1 - - [01/Feb/2026:23:41:47 +0000] "POST /api/v1/user/login/check-account HTTP/1.1" 404 28 "-" "PostmanRuntime/7.51.1"
::1 - - [01/Feb/2026:23:41:53 +0000] "POST /api/v1/user/check-account HTTP/1.1" 404 28 "-" "PostmanRuntime/7.51.1"
::1 - - [01/Feb/2026:23:41:54 +0000] "POST /api/v1/user/check-account HTTP/1.1" 404 28 "-" "PostmanRuntime/7.51.1"
::1 - - [01/Feb/2026:23:41:55 +0000] "POST /api/v1/user/check-account HTTP/1.1" 404 28 "-" "PostmanRuntime/7.51.1"
::1 - - [01/Feb/2026:23:42:16 +0000] "POST /api/v1/user/check-account HTTP/1.1" 500 376 "-" "PostmanRuntime/7.51.1"
::1 - - [01/Feb/2026:23:42:45 +0000] "POST /api/v1/user/check-account HTTP/1.1" 500 351 "-" "PostmanRuntime/7.51.1"
::1 - - [01/Feb/2026:23:43:08 +0000] "POST /api/v1/user/check-account HTTP/1.1" 500 351 "-" "PostmanRuntime/7.51.1"
::1 - - [01/Feb/2026:23:43:10 +0000] "POST /api/v1/user/check-account HTTP/1.1" 500 351 "-" "PostmanRuntime/7.51.1"
::1 - - [01/Feb/2026:23:43:26 +0000] "POST /api/v1/user/check-account HTTP/1.1" 200 906 "-" "PostmanRuntime/7.51.1"
::1 - - [01/Feb/2026:23:45:26 +0000] "POST /api/v1/user/verify-account HTTP/1.1" 200 824 "-" "PostmanRuntime/7.51.1"
::1 - - [01/Feb/2026:23:45:43 +0000] "POST /api/v1/user/check-account HTTP/1.1" 200 906 "-" "PostmanRuntime/7.51.1"
::1 - - [01/Feb/2026:23:46:27 +0000] "POST /api/v1/user/check-account HTTP/1.1" 200 906 "-" "PostmanRuntime/7.51.1"
::1 - - [01/Feb/2026:23:46:49 +0000] "POST /api/v1/user/verify-account HTTP/1.1" 200 824 "-" "PostmanRuntime/7.51.1"
::1 - - [02/Feb/2026:22:14:41 +0000] "GET /api/v1/user/list-user-data HTTP/1.1" 200 6663 "-" "PostmanRuntime/7.51.1"
::1 - - [02/Feb/2026:22:15:02 +0000] "PATCH /api/v1/user/update-user HTTP/1.1" 200 521 "-" "PostmanRuntime/7.51.1"
::1 - - [02/Feb/2026:22:21:08 +0000] "PATCH /api/v1/user/profile-image HTTP/1.1" - - "-" "PostmanRuntime/7.51.1"
::1 - - [02/Feb/2026:22:24:53 +0000] "PATCH /api/v1/user/profile-image-cloud HTTP/1.1" - - "-" "PostmanRuntime/7.51.1"
::1 - - [02/Feb/2026:22:25:16 +0000] "DELETE /api/v1/user/697d2608573d2b67af08f1b7/freezed-account HTTP/1.1" 500 815 "-" "PostmanRuntime/7.51.1"
::1 - - [02/Feb/2026:22:25:38 +0000] "DELETE /api/v1/user/697d2608573d2b67af08f1b7/freezed-account HTTP/1.1" 400 1182 "-" "PostmanRuntime/7.51.1"
::1 - - [02/Feb/2026:22:25:40 +0000] "DELETE /api/v1/user/697d2608573d2b67af08f1b7/freezed-account HTTP/1.1" 400 1182 "-" "PostmanRuntime/7.51.1"
::1 - - [02/Feb/2026:22:25:50 +0000] "DELETE /api/v1/user/freezed-account HTTP/1.1" 404 28 "-" "PostmanRuntime/7.51.1"
::1 - - [02/Feb/2026:22:26:44 +0000] "DELETE /api/v1/user/freezed-account HTTP/1.1" 404 28 "-" "PostmanRuntime/7.51.1"
::1 - - [02/Feb/2026:22:26:56 +0000] "DELETE /api/v1/user//freezed-account HTTP/1.1" 201 614 "-" "PostmanRuntime/7.51.1"
::1 - - [02/Feb/2026:22:27:07 +0000] "DELETE /api/v1/user/freezed-account HTTP/1.1" 400 310 "-" "PostmanRuntime/7.51.1"
::1 - - [02/Feb/2026:22:27:24 +0000] "PATCH /api/v1/user/697d2608573d2b67af08f1b7/freezed-account HTTP/1.1" 404 28 "-" "PostmanRuntime/7.51.1"
::1 - - [02/Feb/2026:22:27:25 +0000] "PATCH /api/v1/user/697d2608573d2b67af08f1b7/freezed-account HTTP/1.1" 404 28 "-" "PostmanRuntime/7.51.1"
::1 - - [02/Feb/2026:22:27:32 +0000] "PATCH /api/v1/user/697d2608573d2b67af08f1b7/restore-account HTTP/1.1" 400 313 "-" "PostmanRuntime/7.51.1"
::1 - - [02/Feb/2026:22:27:57 +0000] "PATCH /api/v1/user/69811f5d7b243ddad01c9f17/restore-account HTTP/1.1" 201 617 "-" "PostmanRuntime/7.51.1"
::1 - - [02/Feb/2026:22:28:13 +0000] "DELETE /api/v1/user/freezed-account HTTP/1.1" 201 694 "-" "PostmanRuntime/7.51.1"
::1 - - [02/Feb/2026:22:28:20 +0000] "PATCH /api/v1/user/69811f5d7b243ddad01c9f17/restore-account HTTP/1.1" 201 617 "-" "PostmanRuntime/7.51.1"
::1 - - [02/Feb/2026:22:28:26 +0000] "POST /api/v1/user/check-account HTTP/1.1" 200 906 "-" "PostmanRuntime/7.51.1"
::1 - - [02/Feb/2026:22:28:36 +0000] "POST /api/v1/user/check-account HTTP/1.1" 200 662 "-" "PostmanRuntime/7.51.1"
::1 - - [02/Feb/2026:22:29:33 +0000] "POST /api/v1/user/verify-account HTTP/1.1" 200 580 "-" "PostmanRuntime/7.51.1"
::1 - - [02/Feb/2026:22:34:15 +0000] "PATCH /api/v1/user/profile-image HTTP/1.1" 200 688 "-" "PostmanRuntime/7.51.1"
::1 - - [02/Feb/2026:22:35:26 +0000] "PATCH /api/v1/user/cover-images HTTP/1.1" - - "-" "PostmanRuntime/7.51.1"
::1 - - [02/Feb/2026:22:36:02 +0000] "PATCH /api/v1/user/cover-images HTTP/1.1" 400 166 "-" "PostmanRuntime/7.51.1"
::1 - - [02/Feb/2026:22:36:16 +0000] "PATCH /api/v1/user/profile-image-cloud HTTP/1.1" 500 1221 "-" "PostmanRuntime/7.51.1"
::1 - - [02/Feb/2026:22:38:22 +0000] "PATCH /api/v1/user/profile-image-cloud HTTP/1.1" 500 1221 "-" "PostmanRuntime/7.51.1"
::1 - - [02/Feb/2026:22:38:24 +0000] "PATCH /api/v1/user/profile-image-cloud HTTP/1.1" 500 1221 "-" "PostmanRuntime/7.51.1"
::1 - - [02/Feb/2026:22:39:42 +0000] "PATCH /api/v1/user/profile-image-cloud HTTP/1.1" 500 1221 "-" "PostmanRuntime/7.51.1"
::1 - - [02/Feb/2026:22:40:22 +0000] "PATCH /api/v1/user/cover-images HTTP/1.1" 400 166 "-" "PostmanRuntime/7.51.1"
::1 - - [02/Feb/2026:22:40:39 +0000] "PATCH /api/v1/user/cover-images HTTP/1.1" 400 166 "-" "PostmanRuntime/7.51.1"
::1 - - [02/Feb/2026:22:40:40 +0000] "PATCH /api/v1/user/cover-images HTTP/1.1" 400 166 "-" "PostmanRuntime/7.51.1"
::1 - - [02/Feb/2026:22:41:20 +0000] "PATCH /api/v1/user/cover-images HTTP/1.1" 400 165 "-" "PostmanRuntime/7.51.1"
::1 - - [02/Feb/2026:22:43:27 +0000] "PATCH /api/v1/user/cover-images HTTP/1.1" 500 958 "-" "PostmanRuntime/7.51.1"
::1 - - [02/Feb/2026:22:43:30 +0000] "PATCH /api/v1/user/cover-images HTTP/1.1" 500 958 "-" "PostmanRuntime/7.51.1"
::1 - - [02/Feb/2026:22:45:03 +0000] "PATCH /api/v1/user/profile-image-cloud HTTP/1.1" 500 1221 "-" "PostmanRuntime/7.51.1"
::1 - - [02/Feb/2026:22:45:04 +0000] "PATCH /api/v1/user/profile-image-cloud HTTP/1.1" 500 1221 "-" "PostmanRuntime/7.51.1"
::1 - - [02/Feb/2026:22:46:49 +0000] "PATCH /api/v1/user/profile-image-cloud HTTP/1.1" 500 1221 "-" "PostmanRuntime/7.51.1"
::1 - - [02/Feb/2026:22:46:50 +0000] "PATCH /api/v1/user/profile-image-cloud HTTP/1.1" 500 1221 "-" "PostmanRuntime/7.51.1"
::1 - - [02/Feb/2026:22:46:51 +0000] "PATCH /api/v1/user/profile-image-cloud HTTP/1.1" 500 1221 "-" "PostmanRuntime/7.51.1"
::1 - - [02/Feb/2026:22:47:35 +0000] "PATCH /api/v1/user/profile-image-cloud HTTP/1.1" 500 1221 "-" "PostmanRuntime/7.51.1"
::1 - - [02/Feb/2026:22:48:13 +0000] "PATCH /api/v1/user/profile-image-cloud HTTP/1.1" 500 1229 "-" "PostmanRuntime/7.51.1"
::1 - - [02/Feb/2026:22:48:15 +0000] "PATCH /api/v1/user/profile-image-cloud HTTP/1.1" 500 1229 "-" "PostmanRuntime/7.51.1"
::1 - - [02/Feb/2026:22:50:21 +0000] "PATCH /api/v1/user/profile-image-cloud HTTP/1.1" 500 1221 "-" "PostmanRuntime/7.51.1"
::1 - - [02/Feb/2026:22:52:42 +0000] "PATCH /api/v1/user/profile-image-cloud HTTP/1.1" 500 1221 "-" "PostmanRuntime/7.51.1"
::1 - - [02/Feb/2026:22:52:43 +0000] "PATCH /api/v1/user/profile-image-cloud HTTP/1.1" 500 1221 "-" "PostmanRuntime/7.51.1"
::1 - - [02/Feb/2026:22:52:44 +0000] "PATCH /api/v1/user/profile-image-cloud HTTP/1.1" 500 1221 "-" "PostmanRuntime/7.51.1"
::1 - - [02/Feb/2026:22:52:59 +0000] "PATCH /api/v1/user/profile-image-cloud HTTP/1.1" 500 78 "-" "PostmanRuntime/7.51.1"
::1 - - [02/Feb/2026:22:53:33 +0000] "PATCH /api/v1/user/profile-image-cloud HTTP/1.1" 500 1231 "-" "PostmanRuntime/7.51.1"
::1 - - [02/Feb/2026:22:54:12 +0000] "PATCH /api/v1/user/profile-image-cloud HTTP/1.1" 500 1219 "-" "PostmanRuntime/7.51.1"
::1 - - [02/Feb/2026:22:54:45 +0000] "PATCH /api/v1/user/cover-images HTTP/1.1" 400 166 "-" "PostmanRuntime/7.51.1"
::1 - - [02/Feb/2026:22:54:56 +0000] "PATCH /api/v1/user/cover-images HTTP/1.1" 400 166 "-" "PostmanRuntime/7.51.1"
::1 - - [02/Feb/2026:22:54:57 +0000] "PATCH /api/v1/user/cover-images HTTP/1.1" 400 166 "-" "PostmanRuntime/7.51.1"
::1 - - [02/Feb/2026:22:56:56 +0000] "PATCH /api/v1/user/cover-images HTTP/1.1" 400 166 "-" "PostmanRuntime/7.51.1"
::1 - - [02/Feb/2026:22:56:57 +0000] "PATCH /api/v1/user/cover-images HTTP/1.1" 400 166 "-" "PostmanRuntime/7.51.1"
::1 - - [02/Feb/2026:22:56:58 +0000] "PATCH /api/v1/user/cover-images HTTP/1.1" 400 166 "-" "PostmanRuntime/7.51.1"
::1 - - [02/Feb/2026:22:58:23 +0000] "PATCH /api/v1/user/cover-images HTTP/1.1" 500 1219 "-" "PostmanRuntime/7.51.1"
::1 - - [02/Feb/2026:22:58:25 +0000] "PATCH /api/v1/user/cover-images HTTP/1.1" 500 1219 "-" "PostmanRuntime/7.51.1"
::1 - - [02/Feb/2026:22:58:44 +0000] "PATCH /api/v1/user/cover-images HTTP/1.1" 500 1219 "-" "PostmanRuntime/7.51.1"
::1 - - [02/Feb/2026:22:59:17 +0000] "PATCH /api/v1/user/cover-images HTTP/1.1" 400 166 "-" "PostmanRuntime/7.51.1"
::1 - - [02/Feb/2026:22:59:19 +0000] "PATCH /api/v1/user/cover-images HTTP/1.1" 400 166 "-" "PostmanRuntime/7.51.1"
::1 - - [02/Feb/2026:22:59:20 +0000] "PATCH /api/v1/user/cover-images HTTP/1.1" 400 166 "-" "PostmanRuntime/7.51.1"
::1 - - [02/Feb/2026:22:59:41 +0000] "PATCH /api/v1/user/cover-images HTTP/1.1" 400 166 "-" "PostmanRuntime/7.51.1"
::1 - - [02/Feb/2026:22:59:43 +0000] "PATCH /api/v1/user/cover-images HTTP/1.1" 400 166 "-" "PostmanRuntime/7.51.1"
::1 - - [02/Feb/2026:23:00:12 +0000] "PATCH /api/v1/user/cover-images HTTP/1.1" 400 1106 "-" "PostmanRuntime/7.51.1"
